[2024-11-19T13:36:41.364+0000] {manager.py:487} INFO - Processing files using up to 2 processes at a time 
[2024-11-19T13:36:41.366+0000] {manager.py:488} INFO - Process each file at most once every 30 seconds
[2024-11-19T13:36:41.367+0000] {manager.py:489} INFO - Checking for new files in /opt/airflow/dags every 300 seconds
[2024-11-19T13:36:41.368+0000] {manager.py:759} INFO - Searching for files in /opt/airflow/dags
[2024-11-19T13:36:41.374+0000] {manager.py:762} INFO - There are 0 files in /opt/airflow/dags
[2024-11-19T13:41:41.460+0000] {manager.py:759} INFO - Searching for files in /opt/airflow/dags
[2024-11-19T13:41:41.473+0000] {manager.py:762} INFO - There are 0 files in /opt/airflow/dags
[2024-11-19T13:42:09.586+0000] {manager.py:469} INFO - Exiting gracefully upon receiving signal 15
[2024-11-19T13:50:28.214+0000] {manager.py:487} INFO - Processing files using up to 2 processes at a time 
[2024-11-19T13:50:28.215+0000] {manager.py:488} INFO - Process each file at most once every 30 seconds
[2024-11-19T13:50:28.216+0000] {manager.py:489} INFO - Checking for new files in /opt/airflow/dags every 300 seconds
[2024-11-19T13:50:28.217+0000] {manager.py:759} INFO - Searching for files in /opt/airflow/dags
[2024-11-19T13:50:28.227+0000] {manager.py:762} INFO - There are 1 files in /opt/airflow/dags
[2024-11-19T13:50:29.892+0000] {manager.py:893} INFO - 
================================================================================
DAG File Processing Stats

File Path                        PID  Runtime      # DAGs    # Errors  Last Runtime    Last Run
-----------------------------  -----  ---------  --------  ----------  --------------  ----------
/opt/airflow/dags/FirstDag.py    203  0.05s             0           0
================================================================================
[2024-11-19T13:51:00.384+0000] {manager.py:893} INFO - 
================================================================================
DAG File Processing Stats

File Path                        PID  Runtime      # DAGs    # Errors  Last Runtime    Last Run
-----------------------------  -----  ---------  --------  ----------  --------------  -------------------
/opt/airflow/dags/FirstDag.py    208  0.01s             1           0  0.27s           2024-11-19T13:50:30
================================================================================
[2024-11-19T13:51:30.855+0000] {manager.py:893} INFO - 
================================================================================
DAG File Processing Stats

File Path                        PID  Runtime      # DAGs    # Errors  Last Runtime    Last Run
-----------------------------  -----  ---------  --------  ----------  --------------  -------------------
/opt/airflow/dags/FirstDag.py    213  0.01s             1           0  0.21s           2024-11-19T13:51:00
================================================================================
[2024-11-19T13:52:01.156+0000] {manager.py:893} INFO - 
================================================================================
DAG File Processing Stats

File Path                        PID  Runtime      # DAGs    # Errors  Last Runtime    Last Run
-----------------------------  -----  ---------  --------  ----------  --------------  -------------------
/opt/airflow/dags/FirstDag.py    218  0.00s             1           0  0.23s           2024-11-19T13:51:31
================================================================================
[2024-11-19T13:52:31.564+0000] {manager.py:893} INFO - 
================================================================================
DAG File Processing Stats

File Path                        PID  Runtime      # DAGs    # Errors  Last Runtime    Last Run
-----------------------------  -----  ---------  --------  ----------  --------------  -------------------
/opt/airflow/dags/FirstDag.py    223  0.01s             1           0  0.12s           2024-11-19T13:52:01
================================================================================
[2024-11-19T13:53:01.893+0000] {manager.py:893} INFO - 
================================================================================
DAG File Processing Stats

File Path                        PID  Runtime      # DAGs    # Errors  Last Runtime    Last Run
-----------------------------  -----  ---------  --------  ----------  --------------  -------------------
/opt/airflow/dags/FirstDag.py    228  0.01s             1           0  0.16s           2024-11-19T13:52:31
================================================================================
[2024-11-19T13:53:32.313+0000] {manager.py:893} INFO - 
================================================================================
DAG File Processing Stats

File Path                        PID  Runtime      # DAGs    # Errors  Last Runtime    Last Run
-----------------------------  -----  ---------  --------  ----------  --------------  -------------------
/opt/airflow/dags/FirstDag.py    233  0.00s             1           0  0.19s           2024-11-19T13:53:02
================================================================================
[2024-11-19T13:54:02.659+0000] {manager.py:893} INFO - 
================================================================================
DAG File Processing Stats

File Path                        PID  Runtime      # DAGs    # Errors  Last Runtime    Last Run
-----------------------------  -----  ---------  --------  ----------  --------------  -------------------
/opt/airflow/dags/FirstDag.py    238  0.00s             1           0  0.14s           2024-11-19T13:53:32
================================================================================
[2024-11-19T13:54:33.130+0000] {manager.py:893} INFO - 
================================================================================
DAG File Processing Stats

File Path                        PID  Runtime      # DAGs    # Errors  Last Runtime    Last Run
-----------------------------  -----  ---------  --------  ----------  --------------  -------------------
/opt/airflow/dags/FirstDag.py    243  0.00s             1           0  0.14s           2024-11-19T13:54:02
================================================================================
[2024-11-19T13:55:03.556+0000] {manager.py:893} INFO - 
================================================================================
DAG File Processing Stats

File Path                        PID  Runtime      # DAGs    # Errors  Last Runtime    Last Run
-----------------------------  -----  ---------  --------  ----------  --------------  -------------------
/opt/airflow/dags/FirstDag.py    248  0.01s             1           0  0.13s           2024-11-19T13:54:33
================================================================================
[2024-11-19T13:55:28.959+0000] {manager.py:759} INFO - Searching for files in /opt/airflow/dags
[2024-11-19T13:55:29.021+0000] {manager.py:762} INFO - There are 1 files in /opt/airflow/dags
[2024-11-19T13:55:34.108+0000] {manager.py:893} INFO - 
================================================================================
DAG File Processing Stats

File Path                        PID  Runtime      # DAGs    # Errors  Last Runtime    Last Run
-----------------------------  -----  ---------  --------  ----------  --------------  -------------------
/opt/airflow/dags/FirstDag.py    253  0.00s             1           0  0.14s           2024-11-19T13:55:03
================================================================================
[2024-11-19T13:56:04.588+0000] {manager.py:893} INFO - 
================================================================================
DAG File Processing Stats

File Path                      PID    Runtime      # DAGs    # Errors  Last Runtime    Last Run
-----------------------------  -----  ---------  --------  ----------  --------------  -------------------
/opt/airflow/dags/FirstDag.py                           1           0  0.22s           2024-11-19T13:55:48
================================================================================
[2024-11-19T13:56:35.073+0000] {manager.py:893} INFO - 
================================================================================
DAG File Processing Stats

File Path                      PID    Runtime      # DAGs    # Errors  Last Runtime    Last Run
-----------------------------  -----  ---------  --------  ----------  --------------  -------------------
/opt/airflow/dags/FirstDag.py                           1           0  0.13s           2024-11-19T13:56:18
================================================================================
[2024-11-19T13:57:05.487+0000] {manager.py:893} INFO - 
================================================================================
DAG File Processing Stats

File Path                      PID    Runtime      # DAGs    # Errors  Last Runtime    Last Run
-----------------------------  -----  ---------  --------  ----------  --------------  -------------------
/opt/airflow/dags/FirstDag.py                           1           0  0.18s           2024-11-19T13:56:49
================================================================================
[2024-11-19T13:57:36.000+0000] {manager.py:893} INFO - 
================================================================================
DAG File Processing Stats

File Path                      PID    Runtime      # DAGs    # Errors  Last Runtime    Last Run
-----------------------------  -----  ---------  --------  ----------  --------------  -------------------
/opt/airflow/dags/FirstDag.py                           1           0  0.14s           2024-11-19T13:57:19
================================================================================
[2024-11-19T13:58:06.375+0000] {manager.py:893} INFO - 
================================================================================
DAG File Processing Stats

File Path                      PID    Runtime      # DAGs    # Errors  Last Runtime    Last Run
-----------------------------  -----  ---------  --------  ----------  --------------  -------------------
/opt/airflow/dags/FirstDag.py                           1           0  0.12s           2024-11-19T13:57:50
================================================================================
[2024-11-19T13:58:36.752+0000] {manager.py:893} INFO - 
================================================================================
DAG File Processing Stats

File Path                      PID    Runtime      # DAGs    # Errors  Last Runtime    Last Run
-----------------------------  -----  ---------  --------  ----------  --------------  -------------------
/opt/airflow/dags/FirstDag.py                           1           0  0.16s           2024-11-19T13:58:20
================================================================================
[2024-11-19T13:59:07.186+0000] {manager.py:893} INFO - 
================================================================================
DAG File Processing Stats

File Path                      PID    Runtime      # DAGs    # Errors  Last Runtime    Last Run
-----------------------------  -----  ---------  --------  ----------  --------------  -------------------
/opt/airflow/dags/FirstDag.py                           1           0  0.17s           2024-11-19T13:58:51
================================================================================
[2024-11-19T13:59:37.697+0000] {manager.py:893} INFO - 
================================================================================
DAG File Processing Stats

File Path                      PID    Runtime      # DAGs    # Errors  Last Runtime    Last Run
-----------------------------  -----  ---------  --------  ----------  --------------  -------------------
/opt/airflow/dags/FirstDag.py                           1           0  0.17s           2024-11-19T13:59:21
================================================================================
[2024-11-19T14:00:08.126+0000] {manager.py:893} INFO - 
================================================================================
DAG File Processing Stats

File Path                      PID    Runtime      # DAGs    # Errors  Last Runtime    Last Run
-----------------------------  -----  ---------  --------  ----------  --------------  -------------------
/opt/airflow/dags/FirstDag.py                           1           0  0.12s           2024-11-19T13:59:52
================================================================================
[2024-11-19T14:00:29.419+0000] {manager.py:759} INFO - Searching for files in /opt/airflow/dags
[2024-11-19T14:00:29.488+0000] {manager.py:762} INFO - There are 1 files in /opt/airflow/dags
[2024-11-19T14:00:38.666+0000] {manager.py:893} INFO - 
================================================================================
DAG File Processing Stats

File Path                      PID    Runtime      # DAGs    # Errors  Last Runtime    Last Run
-----------------------------  -----  ---------  --------  ----------  --------------  -------------------
/opt/airflow/dags/FirstDag.py                           1           0  0.12s           2024-11-19T14:00:22
================================================================================
[2024-11-19T14:01:09.219+0000] {manager.py:893} INFO - 
================================================================================
DAG File Processing Stats

File Path                      PID    Runtime      # DAGs    # Errors  Last Runtime    Last Run
-----------------------------  -----  ---------  --------  ----------  --------------  -------------------
/opt/airflow/dags/FirstDag.py                           1           0  0.13s           2024-11-19T14:00:53
================================================================================
[2024-11-19T14:01:39.776+0000] {manager.py:893} INFO - 
================================================================================
DAG File Processing Stats

File Path                      PID    Runtime      # DAGs    # Errors  Last Runtime    Last Run
-----------------------------  -----  ---------  --------  ----------  --------------  -------------------
/opt/airflow/dags/FirstDag.py                           1           0  0.16s           2024-11-19T14:01:23
================================================================================
[2024-11-19T14:02:10.277+0000] {manager.py:893} INFO - 
================================================================================
DAG File Processing Stats

File Path                      PID    Runtime      # DAGs    # Errors  Last Runtime    Last Run
-----------------------------  -----  ---------  --------  ----------  --------------  -------------------
/opt/airflow/dags/FirstDag.py                           1           0  0.12s           2024-11-19T14:01:54
================================================================================
[2024-11-19T14:02:40.668+0000] {manager.py:893} INFO - 
================================================================================
DAG File Processing Stats

File Path                      PID    Runtime      # DAGs    # Errors  Last Runtime    Last Run
-----------------------------  -----  ---------  --------  ----------  --------------  -------------------
/opt/airflow/dags/FirstDag.py                           1           0  0.19s           2024-11-19T14:02:24
================================================================================
[2024-11-19T14:03:11.075+0000] {manager.py:893} INFO - 
================================================================================
DAG File Processing Stats

File Path                      PID    Runtime      # DAGs    # Errors  Last Runtime    Last Run
-----------------------------  -----  ---------  --------  ----------  --------------  -------------------
/opt/airflow/dags/FirstDag.py                           1           0  0.14s           2024-11-19T14:02:54
================================================================================
[2024-11-19T14:03:41.448+0000] {manager.py:893} INFO - 
================================================================================
DAG File Processing Stats

File Path                      PID    Runtime      # DAGs    # Errors  Last Runtime    Last Run
-----------------------------  -----  ---------  --------  ----------  --------------  -------------------
/opt/airflow/dags/FirstDag.py                           1           0  0.17s           2024-11-19T14:03:25
================================================================================
[2024-11-19T14:04:11.806+0000] {manager.py:893} INFO - 
================================================================================
DAG File Processing Stats

File Path                      PID    Runtime      # DAGs    # Errors  Last Runtime    Last Run
-----------------------------  -----  ---------  --------  ----------  --------------  -------------------
/opt/airflow/dags/FirstDag.py                           1           0  0.16s           2024-11-19T14:03:55
================================================================================
[2024-11-19T14:04:42.168+0000] {manager.py:893} INFO - 
================================================================================
DAG File Processing Stats

File Path                      PID    Runtime      # DAGs    # Errors  Last Runtime    Last Run
-----------------------------  -----  ---------  --------  ----------  --------------  -------------------
/opt/airflow/dags/FirstDag.py                           1           0  0.13s           2024-11-19T14:04:26
================================================================================
[2024-11-19T14:05:12.561+0000] {manager.py:893} INFO - 
================================================================================
DAG File Processing Stats

File Path                      PID    Runtime      # DAGs    # Errors  Last Runtime    Last Run
-----------------------------  -----  ---------  --------  ----------  --------------  -------------------
/opt/airflow/dags/FirstDag.py                           1           0  0.15s           2024-11-19T14:04:56
================================================================================
[2024-11-19T14:05:29.819+0000] {manager.py:759} INFO - Searching for files in /opt/airflow/dags
[2024-11-19T14:05:29.852+0000] {manager.py:762} INFO - There are 1 files in /opt/airflow/dags
[2024-11-19T14:05:43.025+0000] {manager.py:893} INFO - 
================================================================================
DAG File Processing Stats

File Path                      PID    Runtime      # DAGs    # Errors  Last Runtime    Last Run
-----------------------------  -----  ---------  --------  ----------  --------------  -------------------
/opt/airflow/dags/FirstDag.py                           1           0  0.15s           2024-11-19T14:05:26
================================================================================
[2024-11-19T14:06:13.436+0000] {manager.py:893} INFO - 
================================================================================
DAG File Processing Stats

File Path                      PID    Runtime      # DAGs    # Errors  Last Runtime    Last Run
-----------------------------  -----  ---------  --------  ----------  --------------  -------------------
/opt/airflow/dags/FirstDag.py                           1           0  0.16s           2024-11-19T14:05:57
================================================================================
[2024-11-19T14:06:43.984+0000] {manager.py:893} INFO - 
================================================================================
DAG File Processing Stats

File Path                      PID    Runtime      # DAGs    # Errors  Last Runtime    Last Run
-----------------------------  -----  ---------  --------  ----------  --------------  -------------------
/opt/airflow/dags/FirstDag.py                           1           0  0.14s           2024-11-19T14:06:27
================================================================================
[2024-11-19T14:07:14.392+0000] {manager.py:893} INFO - 
================================================================================
DAG File Processing Stats

File Path                      PID    Runtime      # DAGs    # Errors  Last Runtime    Last Run
-----------------------------  -----  ---------  --------  ----------  --------------  -------------------
/opt/airflow/dags/FirstDag.py                           1           0  0.20s           2024-11-19T14:06:58
================================================================================
[2024-11-19T14:07:46.698+0000] {manager.py:893} INFO - 
================================================================================
DAG File Processing Stats

File Path                      PID    Runtime      # DAGs    # Errors  Last Runtime    Last Run
-----------------------------  -----  ---------  --------  ----------  --------------  -------------------
/opt/airflow/dags/FirstDag.py                           1           0  0.12s           2024-11-19T14:07:28
================================================================================
