[2024-11-19T13:50:29.863+0000] {processor.py:157} INFO - Started process (PID=203) to work on /opt/airflow/dags/FirstDag.py
[2024-11-19T13:50:29.865+0000] {processor.py:829} INFO - Processing file /opt/airflow/dags/FirstDag.py for tasks to queue
[2024-11-19T13:50:29.870+0000] {logging_mixin.py:151} INFO - [2024-11-19T13:50:29.870+0000] {dagbag.py:539} INFO - Filling up the DagBag from /opt/airflow/dags/FirstDag.py
[2024-11-19T13:50:29.908+0000] {processor.py:839} INFO - DAG(s) dict_keys(['sparkingflow']) retrieved from /opt/airflow/dags/FirstDag.py
[2024-11-19T13:50:30.038+0000] {logging_mixin.py:151} INFO - [2024-11-19T13:50:30.038+0000] {manager.py:499} INFO - Created Permission View: %s
[2024-11-19T13:50:30.049+0000] {logging_mixin.py:151} INFO - [2024-11-19T13:50:30.049+0000] {manager.py:499} INFO - Created Permission View: %s
[2024-11-19T13:50:30.057+0000] {logging_mixin.py:151} INFO - [2024-11-19T13:50:30.057+0000] {manager.py:499} INFO - Created Permission View: %s
[2024-11-19T13:50:30.057+0000] {logging_mixin.py:151} INFO - [2024-11-19T13:50:30.057+0000] {security.py:708} INFO - Not syncing DAG-level permissions for DAG 'DAG:sparkingflow' as access control is unset.
[2024-11-19T13:50:30.058+0000] {logging_mixin.py:151} INFO - [2024-11-19T13:50:30.058+0000] {dag.py:2915} INFO - Sync 1 DAGs
[2024-11-19T13:50:30.072+0000] {logging_mixin.py:151} INFO - [2024-11-19T13:50:30.072+0000] {dag.py:2937} INFO - Creating ORM DAG for sparkingflow
[2024-11-19T13:50:30.080+0000] {logging_mixin.py:151} INFO - [2024-11-19T13:50:30.080+0000] {dag.py:3696} INFO - Setting next_dagrun for sparkingflow to 2024-11-18T00:00:00+00:00, run_after=2024-11-19T00:00:00+00:00
[2024-11-19T13:50:30.098+0000] {processor.py:179} INFO - Processing /opt/airflow/dags/FirstDag.py took 0.237 seconds
[2024-11-19T13:51:00.420+0000] {processor.py:157} INFO - Started process (PID=208) to work on /opt/airflow/dags/FirstDag.py
[2024-11-19T13:51:00.421+0000] {processor.py:829} INFO - Processing file /opt/airflow/dags/FirstDag.py for tasks to queue
[2024-11-19T13:51:00.424+0000] {logging_mixin.py:151} INFO - [2024-11-19T13:51:00.423+0000] {dagbag.py:539} INFO - Filling up the DagBag from /opt/airflow/dags/FirstDag.py
[2024-11-19T13:51:00.464+0000] {processor.py:839} INFO - DAG(s) dict_keys(['sparkingflow']) retrieved from /opt/airflow/dags/FirstDag.py
[2024-11-19T13:51:00.500+0000] {logging_mixin.py:151} INFO - [2024-11-19T13:51:00.500+0000] {dag.py:2915} INFO - Sync 1 DAGs
[2024-11-19T13:51:00.530+0000] {logging_mixin.py:151} INFO - [2024-11-19T13:51:00.530+0000] {dag.py:3696} INFO - Setting next_dagrun for sparkingflow to 2024-11-18T00:00:00+00:00, run_after=2024-11-19T00:00:00+00:00
[2024-11-19T13:51:00.573+0000] {processor.py:179} INFO - Processing /opt/airflow/dags/FirstDag.py took 0.158 seconds
[2024-11-19T13:51:30.908+0000] {processor.py:157} INFO - Started process (PID=213) to work on /opt/airflow/dags/FirstDag.py
[2024-11-19T13:51:30.910+0000] {processor.py:829} INFO - Processing file /opt/airflow/dags/FirstDag.py for tasks to queue
[2024-11-19T13:51:30.916+0000] {logging_mixin.py:151} INFO - [2024-11-19T13:51:30.915+0000] {dagbag.py:539} INFO - Filling up the DagBag from /opt/airflow/dags/FirstDag.py
[2024-11-19T13:51:30.988+0000] {processor.py:839} INFO - DAG(s) dict_keys(['sparkingflow']) retrieved from /opt/airflow/dags/FirstDag.py
[2024-11-19T13:51:31.026+0000] {logging_mixin.py:151} INFO - [2024-11-19T13:51:31.026+0000] {dag.py:2915} INFO - Sync 1 DAGs
[2024-11-19T13:51:31.044+0000] {logging_mixin.py:151} INFO - [2024-11-19T13:51:31.044+0000] {dag.py:3696} INFO - Setting next_dagrun for sparkingflow to 2024-11-18T00:00:00+00:00, run_after=2024-11-19T00:00:00+00:00
[2024-11-19T13:51:31.065+0000] {processor.py:179} INFO - Processing /opt/airflow/dags/FirstDag.py took 0.164 seconds
[2024-11-19T13:52:01.170+0000] {processor.py:157} INFO - Started process (PID=218) to work on /opt/airflow/dags/FirstDag.py
[2024-11-19T13:52:01.170+0000] {processor.py:829} INFO - Processing file /opt/airflow/dags/FirstDag.py for tasks to queue
[2024-11-19T13:52:01.173+0000] {logging_mixin.py:151} INFO - [2024-11-19T13:52:01.173+0000] {dagbag.py:539} INFO - Filling up the DagBag from /opt/airflow/dags/FirstDag.py
[2024-11-19T13:52:01.201+0000] {processor.py:839} INFO - DAG(s) dict_keys(['sparkingflow']) retrieved from /opt/airflow/dags/FirstDag.py
[2024-11-19T13:52:01.225+0000] {logging_mixin.py:151} INFO - [2024-11-19T13:52:01.225+0000] {dag.py:2915} INFO - Sync 1 DAGs
[2024-11-19T13:52:01.243+0000] {logging_mixin.py:151} INFO - [2024-11-19T13:52:01.243+0000] {dag.py:3696} INFO - Setting next_dagrun for sparkingflow to 2024-11-18T00:00:00+00:00, run_after=2024-11-19T00:00:00+00:00
[2024-11-19T13:52:01.262+0000] {processor.py:179} INFO - Processing /opt/airflow/dags/FirstDag.py took 0.095 seconds
[2024-11-19T13:52:31.598+0000] {processor.py:157} INFO - Started process (PID=223) to work on /opt/airflow/dags/FirstDag.py
[2024-11-19T13:52:31.599+0000] {processor.py:829} INFO - Processing file /opt/airflow/dags/FirstDag.py for tasks to queue
[2024-11-19T13:52:31.601+0000] {logging_mixin.py:151} INFO - [2024-11-19T13:52:31.601+0000] {dagbag.py:539} INFO - Filling up the DagBag from /opt/airflow/dags/FirstDag.py
[2024-11-19T13:52:31.628+0000] {processor.py:839} INFO - DAG(s) dict_keys(['sparkingflow']) retrieved from /opt/airflow/dags/FirstDag.py
[2024-11-19T13:52:31.673+0000] {logging_mixin.py:151} INFO - [2024-11-19T13:52:31.672+0000] {dag.py:2915} INFO - Sync 1 DAGs
[2024-11-19T13:52:31.692+0000] {logging_mixin.py:151} INFO - [2024-11-19T13:52:31.692+0000] {dag.py:3696} INFO - Setting next_dagrun for sparkingflow to 2024-11-18T00:00:00+00:00, run_after=2024-11-19T00:00:00+00:00
[2024-11-19T13:52:31.709+0000] {processor.py:179} INFO - Processing /opt/airflow/dags/FirstDag.py took 0.114 seconds
[2024-11-19T13:53:01.930+0000] {processor.py:157} INFO - Started process (PID=228) to work on /opt/airflow/dags/FirstDag.py
[2024-11-19T13:53:01.932+0000] {processor.py:829} INFO - Processing file /opt/airflow/dags/FirstDag.py for tasks to queue
[2024-11-19T13:53:01.935+0000] {logging_mixin.py:151} INFO - [2024-11-19T13:53:01.935+0000] {dagbag.py:539} INFO - Filling up the DagBag from /opt/airflow/dags/FirstDag.py
[2024-11-19T13:53:01.976+0000] {processor.py:839} INFO - DAG(s) dict_keys(['sparkingflow']) retrieved from /opt/airflow/dags/FirstDag.py
[2024-11-19T13:53:02.009+0000] {logging_mixin.py:151} INFO - [2024-11-19T13:53:02.008+0000] {dag.py:2915} INFO - Sync 1 DAGs
[2024-11-19T13:53:02.031+0000] {logging_mixin.py:151} INFO - [2024-11-19T13:53:02.030+0000] {dag.py:3696} INFO - Setting next_dagrun for sparkingflow to 2024-11-18T00:00:00+00:00, run_after=2024-11-19T00:00:00+00:00
[2024-11-19T13:53:02.061+0000] {processor.py:179} INFO - Processing /opt/airflow/dags/FirstDag.py took 0.136 seconds
[2024-11-19T13:53:32.337+0000] {processor.py:157} INFO - Started process (PID=233) to work on /opt/airflow/dags/FirstDag.py
[2024-11-19T13:53:32.338+0000] {processor.py:829} INFO - Processing file /opt/airflow/dags/FirstDag.py for tasks to queue
[2024-11-19T13:53:32.341+0000] {logging_mixin.py:151} INFO - [2024-11-19T13:53:32.340+0000] {dagbag.py:539} INFO - Filling up the DagBag from /opt/airflow/dags/FirstDag.py
[2024-11-19T13:53:32.374+0000] {processor.py:839} INFO - DAG(s) dict_keys(['sparkingflow']) retrieved from /opt/airflow/dags/FirstDag.py
[2024-11-19T13:53:32.400+0000] {logging_mixin.py:151} INFO - [2024-11-19T13:53:32.399+0000] {dag.py:2915} INFO - Sync 1 DAGs
[2024-11-19T13:53:32.420+0000] {logging_mixin.py:151} INFO - [2024-11-19T13:53:32.420+0000] {dag.py:3696} INFO - Setting next_dagrun for sparkingflow to 2024-11-18T00:00:00+00:00, run_after=2024-11-19T00:00:00+00:00
[2024-11-19T13:53:32.443+0000] {processor.py:179} INFO - Processing /opt/airflow/dags/FirstDag.py took 0.111 seconds
[2024-11-19T13:54:02.679+0000] {processor.py:157} INFO - Started process (PID=238) to work on /opt/airflow/dags/FirstDag.py
[2024-11-19T13:54:02.680+0000] {processor.py:829} INFO - Processing file /opt/airflow/dags/FirstDag.py for tasks to queue
[2024-11-19T13:54:02.682+0000] {logging_mixin.py:151} INFO - [2024-11-19T13:54:02.681+0000] {dagbag.py:539} INFO - Filling up the DagBag from /opt/airflow/dags/FirstDag.py
[2024-11-19T13:54:02.720+0000] {processor.py:839} INFO - DAG(s) dict_keys(['sparkingflow']) retrieved from /opt/airflow/dags/FirstDag.py
[2024-11-19T13:54:02.749+0000] {logging_mixin.py:151} INFO - [2024-11-19T13:54:02.748+0000] {dag.py:2915} INFO - Sync 1 DAGs
[2024-11-19T13:54:02.767+0000] {logging_mixin.py:151} INFO - [2024-11-19T13:54:02.766+0000] {dag.py:3696} INFO - Setting next_dagrun for sparkingflow to 2024-11-18T00:00:00+00:00, run_after=2024-11-19T00:00:00+00:00
[2024-11-19T13:54:02.788+0000] {processor.py:179} INFO - Processing /opt/airflow/dags/FirstDag.py took 0.114 seconds
[2024-11-19T13:54:33.149+0000] {processor.py:157} INFO - Started process (PID=243) to work on /opt/airflow/dags/FirstDag.py
[2024-11-19T13:54:33.150+0000] {processor.py:829} INFO - Processing file /opt/airflow/dags/FirstDag.py for tasks to queue
[2024-11-19T13:54:33.152+0000] {logging_mixin.py:151} INFO - [2024-11-19T13:54:33.152+0000] {dagbag.py:539} INFO - Filling up the DagBag from /opt/airflow/dags/FirstDag.py
[2024-11-19T13:54:33.184+0000] {processor.py:839} INFO - DAG(s) dict_keys(['sparkingflow']) retrieved from /opt/airflow/dags/FirstDag.py
[2024-11-19T13:54:33.209+0000] {logging_mixin.py:151} INFO - [2024-11-19T13:54:33.208+0000] {dag.py:2915} INFO - Sync 1 DAGs
[2024-11-19T13:54:33.225+0000] {logging_mixin.py:151} INFO - [2024-11-19T13:54:33.225+0000] {dag.py:3696} INFO - Setting next_dagrun for sparkingflow to 2024-11-18T00:00:00+00:00, run_after=2024-11-19T00:00:00+00:00
[2024-11-19T13:54:33.247+0000] {processor.py:179} INFO - Processing /opt/airflow/dags/FirstDag.py took 0.100 seconds
[2024-11-19T13:55:03.591+0000] {processor.py:157} INFO - Started process (PID=248) to work on /opt/airflow/dags/FirstDag.py
[2024-11-19T13:55:03.593+0000] {processor.py:829} INFO - Processing file /opt/airflow/dags/FirstDag.py for tasks to queue
[2024-11-19T13:55:03.597+0000] {logging_mixin.py:151} INFO - [2024-11-19T13:55:03.597+0000] {dagbag.py:539} INFO - Filling up the DagBag from /opt/airflow/dags/FirstDag.py
[2024-11-19T13:55:03.621+0000] {processor.py:839} INFO - DAG(s) dict_keys(['sparkingflow']) retrieved from /opt/airflow/dags/FirstDag.py
[2024-11-19T13:55:03.643+0000] {logging_mixin.py:151} INFO - [2024-11-19T13:55:03.642+0000] {dag.py:2915} INFO - Sync 1 DAGs
[2024-11-19T13:55:03.658+0000] {logging_mixin.py:151} INFO - [2024-11-19T13:55:03.658+0000] {dag.py:3696} INFO - Setting next_dagrun for sparkingflow to 2024-11-18T00:00:00+00:00, run_after=2024-11-19T00:00:00+00:00
[2024-11-19T13:55:03.677+0000] {processor.py:179} INFO - Processing /opt/airflow/dags/FirstDag.py took 0.090 seconds
[2024-11-19T13:55:34.128+0000] {processor.py:157} INFO - Started process (PID=253) to work on /opt/airflow/dags/FirstDag.py
[2024-11-19T13:55:34.129+0000] {processor.py:829} INFO - Processing file /opt/airflow/dags/FirstDag.py for tasks to queue
[2024-11-19T13:55:34.131+0000] {logging_mixin.py:151} INFO - [2024-11-19T13:55:34.131+0000] {dagbag.py:539} INFO - Filling up the DagBag from /opt/airflow/dags/FirstDag.py
[2024-11-19T13:55:34.152+0000] {processor.py:839} INFO - DAG(s) dict_keys(['sparkingflow']) retrieved from /opt/airflow/dags/FirstDag.py
[2024-11-19T13:55:34.176+0000] {logging_mixin.py:151} INFO - [2024-11-19T13:55:34.176+0000] {dag.py:2915} INFO - Sync 1 DAGs
[2024-11-19T13:55:34.193+0000] {logging_mixin.py:151} INFO - [2024-11-19T13:55:34.193+0000] {dag.py:3696} INFO - Setting next_dagrun for sparkingflow to 2024-11-18T00:00:00+00:00, run_after=2024-11-19T00:00:00+00:00
[2024-11-19T13:55:34.213+0000] {processor.py:179} INFO - Processing /opt/airflow/dags/FirstDag.py took 0.087 seconds
[2024-11-19T13:55:48.307+0000] {processor.py:157} INFO - Started process (PID=258) to work on /opt/airflow/dags/FirstDag.py
[2024-11-19T13:55:48.308+0000] {processor.py:829} INFO - Processing file /opt/airflow/dags/FirstDag.py for tasks to queue
[2024-11-19T13:55:48.310+0000] {logging_mixin.py:151} INFO - [2024-11-19T13:55:48.310+0000] {dagbag.py:539} INFO - Filling up the DagBag from /opt/airflow/dags/FirstDag.py
[2024-11-19T13:55:48.394+0000] {processor.py:839} INFO - DAG(s) dict_keys(['sparkingflow']) retrieved from /opt/airflow/dags/FirstDag.py
[2024-11-19T13:55:48.431+0000] {logging_mixin.py:151} INFO - [2024-11-19T13:55:48.430+0000] {dag.py:2915} INFO - Sync 1 DAGs
[2024-11-19T13:55:48.457+0000] {logging_mixin.py:151} INFO - [2024-11-19T13:55:48.457+0000] {dag.py:3696} INFO - Setting next_dagrun for sparkingflow to 2024-11-18T00:00:00+00:00, run_after=2024-11-19T00:00:00+00:00
[2024-11-19T13:55:48.487+0000] {processor.py:179} INFO - Processing /opt/airflow/dags/FirstDag.py took 0.182 seconds
[2024-11-19T13:56:18.855+0000] {processor.py:157} INFO - Started process (PID=263) to work on /opt/airflow/dags/FirstDag.py
[2024-11-19T13:56:18.856+0000] {processor.py:829} INFO - Processing file /opt/airflow/dags/FirstDag.py for tasks to queue
[2024-11-19T13:56:18.858+0000] {logging_mixin.py:151} INFO - [2024-11-19T13:56:18.858+0000] {dagbag.py:539} INFO - Filling up the DagBag from /opt/airflow/dags/FirstDag.py
[2024-11-19T13:56:18.878+0000] {processor.py:839} INFO - DAG(s) dict_keys(['sparkingflow']) retrieved from /opt/airflow/dags/FirstDag.py
[2024-11-19T13:56:18.903+0000] {logging_mixin.py:151} INFO - [2024-11-19T13:56:18.902+0000] {dag.py:2915} INFO - Sync 1 DAGs
[2024-11-19T13:56:18.917+0000] {logging_mixin.py:151} INFO - [2024-11-19T13:56:18.917+0000] {dag.py:3696} INFO - Setting next_dagrun for sparkingflow to 2024-11-18T00:00:00+00:00, run_after=2024-11-19T00:00:00+00:00
[2024-11-19T13:56:18.937+0000] {processor.py:179} INFO - Processing /opt/airflow/dags/FirstDag.py took 0.085 seconds
[2024-11-19T13:56:49.307+0000] {processor.py:157} INFO - Started process (PID=268) to work on /opt/airflow/dags/FirstDag.py
[2024-11-19T13:56:49.308+0000] {processor.py:829} INFO - Processing file /opt/airflow/dags/FirstDag.py for tasks to queue
[2024-11-19T13:56:49.312+0000] {logging_mixin.py:151} INFO - [2024-11-19T13:56:49.311+0000] {dagbag.py:539} INFO - Filling up the DagBag from /opt/airflow/dags/FirstDag.py
[2024-11-19T13:56:49.341+0000] {processor.py:839} INFO - DAG(s) dict_keys(['sparkingflow']) retrieved from /opt/airflow/dags/FirstDag.py
[2024-11-19T13:56:49.377+0000] {logging_mixin.py:151} INFO - [2024-11-19T13:56:49.377+0000] {dag.py:2915} INFO - Sync 1 DAGs
[2024-11-19T13:56:49.409+0000] {logging_mixin.py:151} INFO - [2024-11-19T13:56:49.409+0000] {dag.py:3696} INFO - Setting next_dagrun for sparkingflow to 2024-11-18T00:00:00+00:00, run_after=2024-11-19T00:00:00+00:00
[2024-11-19T13:56:49.436+0000] {processor.py:179} INFO - Processing /opt/airflow/dags/FirstDag.py took 0.135 seconds
[2024-11-19T13:57:19.707+0000] {processor.py:157} INFO - Started process (PID=273) to work on /opt/airflow/dags/FirstDag.py
[2024-11-19T13:57:19.708+0000] {processor.py:829} INFO - Processing file /opt/airflow/dags/FirstDag.py for tasks to queue
[2024-11-19T13:57:19.711+0000] {logging_mixin.py:151} INFO - [2024-11-19T13:57:19.711+0000] {dagbag.py:539} INFO - Filling up the DagBag from /opt/airflow/dags/FirstDag.py
[2024-11-19T13:57:19.754+0000] {processor.py:839} INFO - DAG(s) dict_keys(['sparkingflow']) retrieved from /opt/airflow/dags/FirstDag.py
[2024-11-19T13:57:19.785+0000] {logging_mixin.py:151} INFO - [2024-11-19T13:57:19.785+0000] {dag.py:2915} INFO - Sync 1 DAGs
[2024-11-19T13:57:19.801+0000] {logging_mixin.py:151} INFO - [2024-11-19T13:57:19.801+0000] {dag.py:3696} INFO - Setting next_dagrun for sparkingflow to 2024-11-18T00:00:00+00:00, run_after=2024-11-19T00:00:00+00:00
[2024-11-19T13:57:19.820+0000] {processor.py:179} INFO - Processing /opt/airflow/dags/FirstDag.py took 0.115 seconds
[2024-11-19T13:57:50.187+0000] {processor.py:157} INFO - Started process (PID=278) to work on /opt/airflow/dags/FirstDag.py
[2024-11-19T13:57:50.188+0000] {processor.py:829} INFO - Processing file /opt/airflow/dags/FirstDag.py for tasks to queue
[2024-11-19T13:57:50.190+0000] {logging_mixin.py:151} INFO - [2024-11-19T13:57:50.190+0000] {dagbag.py:539} INFO - Filling up the DagBag from /opt/airflow/dags/FirstDag.py
[2024-11-19T13:57:50.216+0000] {processor.py:839} INFO - DAG(s) dict_keys(['sparkingflow']) retrieved from /opt/airflow/dags/FirstDag.py
[2024-11-19T13:57:50.237+0000] {logging_mixin.py:151} INFO - [2024-11-19T13:57:50.237+0000] {dag.py:2915} INFO - Sync 1 DAGs
[2024-11-19T13:57:50.251+0000] {logging_mixin.py:151} INFO - [2024-11-19T13:57:50.251+0000] {dag.py:3696} INFO - Setting next_dagrun for sparkingflow to 2024-11-18T00:00:00+00:00, run_after=2024-11-19T00:00:00+00:00
[2024-11-19T13:57:50.272+0000] {processor.py:179} INFO - Processing /opt/airflow/dags/FirstDag.py took 0.088 seconds
[2024-11-19T13:58:20.552+0000] {processor.py:157} INFO - Started process (PID=283) to work on /opt/airflow/dags/FirstDag.py
[2024-11-19T13:58:20.555+0000] {processor.py:829} INFO - Processing file /opt/airflow/dags/FirstDag.py for tasks to queue
[2024-11-19T13:58:20.558+0000] {logging_mixin.py:151} INFO - [2024-11-19T13:58:20.558+0000] {dagbag.py:539} INFO - Filling up the DagBag from /opt/airflow/dags/FirstDag.py
[2024-11-19T13:58:20.587+0000] {processor.py:839} INFO - DAG(s) dict_keys(['sparkingflow']) retrieved from /opt/airflow/dags/FirstDag.py
[2024-11-19T13:58:20.625+0000] {logging_mixin.py:151} INFO - [2024-11-19T13:58:20.624+0000] {dag.py:2915} INFO - Sync 1 DAGs
[2024-11-19T13:58:20.651+0000] {logging_mixin.py:151} INFO - [2024-11-19T13:58:20.651+0000] {dag.py:3696} INFO - Setting next_dagrun for sparkingflow to 2024-11-18T00:00:00+00:00, run_after=2024-11-19T00:00:00+00:00
[2024-11-19T13:58:20.676+0000] {processor.py:179} INFO - Processing /opt/airflow/dags/FirstDag.py took 0.129 seconds
[2024-11-19T13:58:51.012+0000] {processor.py:157} INFO - Started process (PID=288) to work on /opt/airflow/dags/FirstDag.py
[2024-11-19T13:58:51.014+0000] {processor.py:829} INFO - Processing file /opt/airflow/dags/FirstDag.py for tasks to queue
[2024-11-19T13:58:51.018+0000] {logging_mixin.py:151} INFO - [2024-11-19T13:58:51.018+0000] {dagbag.py:539} INFO - Filling up the DagBag from /opt/airflow/dags/FirstDag.py
[2024-11-19T13:58:51.069+0000] {processor.py:839} INFO - DAG(s) dict_keys(['sparkingflow']) retrieved from /opt/airflow/dags/FirstDag.py
[2024-11-19T13:58:51.103+0000] {logging_mixin.py:151} INFO - [2024-11-19T13:58:51.102+0000] {dag.py:2915} INFO - Sync 1 DAGs
[2024-11-19T13:58:51.121+0000] {logging_mixin.py:151} INFO - [2024-11-19T13:58:51.121+0000] {dag.py:3696} INFO - Setting next_dagrun for sparkingflow to 2024-11-18T00:00:00+00:00, run_after=2024-11-19T00:00:00+00:00
[2024-11-19T13:58:51.142+0000] {processor.py:179} INFO - Processing /opt/airflow/dags/FirstDag.py took 0.134 seconds
[2024-11-19T13:59:21.410+0000] {processor.py:157} INFO - Started process (PID=293) to work on /opt/airflow/dags/FirstDag.py
[2024-11-19T13:59:21.412+0000] {processor.py:829} INFO - Processing file /opt/airflow/dags/FirstDag.py for tasks to queue
[2024-11-19T13:59:21.417+0000] {logging_mixin.py:151} INFO - [2024-11-19T13:59:21.416+0000] {dagbag.py:539} INFO - Filling up the DagBag from /opt/airflow/dags/FirstDag.py
[2024-11-19T13:59:21.450+0000] {processor.py:839} INFO - DAG(s) dict_keys(['sparkingflow']) retrieved from /opt/airflow/dags/FirstDag.py
[2024-11-19T13:59:21.482+0000] {logging_mixin.py:151} INFO - [2024-11-19T13:59:21.481+0000] {dag.py:2915} INFO - Sync 1 DAGs
[2024-11-19T13:59:21.502+0000] {logging_mixin.py:151} INFO - [2024-11-19T13:59:21.501+0000] {dag.py:3696} INFO - Setting next_dagrun for sparkingflow to 2024-11-18T00:00:00+00:00, run_after=2024-11-19T00:00:00+00:00
[2024-11-19T13:59:21.521+0000] {processor.py:179} INFO - Processing /opt/airflow/dags/FirstDag.py took 0.117 seconds
[2024-11-19T13:59:51.909+0000] {processor.py:157} INFO - Started process (PID=298) to work on /opt/airflow/dags/FirstDag.py
[2024-11-19T13:59:51.912+0000] {processor.py:829} INFO - Processing file /opt/airflow/dags/FirstDag.py for tasks to queue
[2024-11-19T13:59:51.914+0000] {logging_mixin.py:151} INFO - [2024-11-19T13:59:51.914+0000] {dagbag.py:539} INFO - Filling up the DagBag from /opt/airflow/dags/FirstDag.py
[2024-11-19T13:59:51.940+0000] {processor.py:839} INFO - DAG(s) dict_keys(['sparkingflow']) retrieved from /opt/airflow/dags/FirstDag.py
[2024-11-19T13:59:51.961+0000] {logging_mixin.py:151} INFO - [2024-11-19T13:59:51.961+0000] {dag.py:2915} INFO - Sync 1 DAGs
[2024-11-19T13:59:51.976+0000] {logging_mixin.py:151} INFO - [2024-11-19T13:59:51.976+0000] {dag.py:3696} INFO - Setting next_dagrun for sparkingflow to 2024-11-18T00:00:00+00:00, run_after=2024-11-19T00:00:00+00:00
[2024-11-19T13:59:51.993+0000] {processor.py:179} INFO - Processing /opt/airflow/dags/FirstDag.py took 0.086 seconds
[2024-11-19T14:00:22.338+0000] {processor.py:157} INFO - Started process (PID=303) to work on /opt/airflow/dags/FirstDag.py
[2024-11-19T14:00:22.339+0000] {processor.py:829} INFO - Processing file /opt/airflow/dags/FirstDag.py for tasks to queue
[2024-11-19T14:00:22.341+0000] {logging_mixin.py:151} INFO - [2024-11-19T14:00:22.341+0000] {dagbag.py:539} INFO - Filling up the DagBag from /opt/airflow/dags/FirstDag.py
[2024-11-19T14:00:22.370+0000] {processor.py:839} INFO - DAG(s) dict_keys(['sparkingflow']) retrieved from /opt/airflow/dags/FirstDag.py
[2024-11-19T14:00:22.394+0000] {logging_mixin.py:151} INFO - [2024-11-19T14:00:22.394+0000] {dag.py:2915} INFO - Sync 1 DAGs
[2024-11-19T14:00:22.412+0000] {logging_mixin.py:151} INFO - [2024-11-19T14:00:22.412+0000] {dag.py:3696} INFO - Setting next_dagrun for sparkingflow to 2024-11-18T00:00:00+00:00, run_after=2024-11-19T00:00:00+00:00
[2024-11-19T14:00:22.430+0000] {processor.py:179} INFO - Processing /opt/airflow/dags/FirstDag.py took 0.094 seconds
[2024-11-19T14:00:52.993+0000] {processor.py:157} INFO - Started process (PID=308) to work on /opt/airflow/dags/FirstDag.py
[2024-11-19T14:00:52.995+0000] {processor.py:829} INFO - Processing file /opt/airflow/dags/FirstDag.py for tasks to queue
[2024-11-19T14:00:52.996+0000] {logging_mixin.py:151} INFO - [2024-11-19T14:00:52.996+0000] {dagbag.py:539} INFO - Filling up the DagBag from /opt/airflow/dags/FirstDag.py
[2024-11-19T14:00:53.021+0000] {processor.py:839} INFO - DAG(s) dict_keys(['sparkingflow']) retrieved from /opt/airflow/dags/FirstDag.py
[2024-11-19T14:00:53.050+0000] {logging_mixin.py:151} INFO - [2024-11-19T14:00:53.050+0000] {dag.py:2915} INFO - Sync 1 DAGs
[2024-11-19T14:00:53.065+0000] {logging_mixin.py:151} INFO - [2024-11-19T14:00:53.065+0000] {dag.py:3696} INFO - Setting next_dagrun for sparkingflow to 2024-11-18T00:00:00+00:00, run_after=2024-11-19T00:00:00+00:00
[2024-11-19T14:00:53.085+0000] {processor.py:179} INFO - Processing /opt/airflow/dags/FirstDag.py took 0.094 seconds
[2024-11-19T14:01:23.471+0000] {processor.py:157} INFO - Started process (PID=313) to work on /opt/airflow/dags/FirstDag.py
[2024-11-19T14:01:23.472+0000] {processor.py:829} INFO - Processing file /opt/airflow/dags/FirstDag.py for tasks to queue
[2024-11-19T14:01:23.475+0000] {logging_mixin.py:151} INFO - [2024-11-19T14:01:23.474+0000] {dagbag.py:539} INFO - Filling up the DagBag from /opt/airflow/dags/FirstDag.py
[2024-11-19T14:01:23.510+0000] {processor.py:839} INFO - DAG(s) dict_keys(['sparkingflow']) retrieved from /opt/airflow/dags/FirstDag.py
[2024-11-19T14:01:23.542+0000] {logging_mixin.py:151} INFO - [2024-11-19T14:01:23.541+0000] {dag.py:2915} INFO - Sync 1 DAGs
[2024-11-19T14:01:23.558+0000] {logging_mixin.py:151} INFO - [2024-11-19T14:01:23.558+0000] {dag.py:3696} INFO - Setting next_dagrun for sparkingflow to 2024-11-18T00:00:00+00:00, run_after=2024-11-19T00:00:00+00:00
[2024-11-19T14:01:23.577+0000] {processor.py:179} INFO - Processing /opt/airflow/dags/FirstDag.py took 0.110 seconds
[2024-11-19T14:01:54.059+0000] {processor.py:157} INFO - Started process (PID=318) to work on /opt/airflow/dags/FirstDag.py
[2024-11-19T14:01:54.060+0000] {processor.py:829} INFO - Processing file /opt/airflow/dags/FirstDag.py for tasks to queue
[2024-11-19T14:01:54.062+0000] {logging_mixin.py:151} INFO - [2024-11-19T14:01:54.062+0000] {dagbag.py:539} INFO - Filling up the DagBag from /opt/airflow/dags/FirstDag.py
[2024-11-19T14:01:54.078+0000] {processor.py:839} INFO - DAG(s) dict_keys(['sparkingflow']) retrieved from /opt/airflow/dags/FirstDag.py
[2024-11-19T14:01:54.100+0000] {logging_mixin.py:151} INFO - [2024-11-19T14:01:54.100+0000] {dag.py:2915} INFO - Sync 1 DAGs
[2024-11-19T14:01:54.124+0000] {logging_mixin.py:151} INFO - [2024-11-19T14:01:54.124+0000] {dag.py:3696} INFO - Setting next_dagrun for sparkingflow to 2024-11-18T00:00:00+00:00, run_after=2024-11-19T00:00:00+00:00
[2024-11-19T14:01:54.149+0000] {processor.py:179} INFO - Processing /opt/airflow/dags/FirstDag.py took 0.094 seconds
[2024-11-19T14:02:24.473+0000] {processor.py:157} INFO - Started process (PID=323) to work on /opt/airflow/dags/FirstDag.py
[2024-11-19T14:02:24.475+0000] {processor.py:829} INFO - Processing file /opt/airflow/dags/FirstDag.py for tasks to queue
[2024-11-19T14:02:24.478+0000] {logging_mixin.py:151} INFO - [2024-11-19T14:02:24.478+0000] {dagbag.py:539} INFO - Filling up the DagBag from /opt/airflow/dags/FirstDag.py
[2024-11-19T14:02:24.528+0000] {processor.py:839} INFO - DAG(s) dict_keys(['sparkingflow']) retrieved from /opt/airflow/dags/FirstDag.py
[2024-11-19T14:02:24.563+0000] {logging_mixin.py:151} INFO - [2024-11-19T14:02:24.562+0000] {dag.py:2915} INFO - Sync 1 DAGs
[2024-11-19T14:02:24.589+0000] {logging_mixin.py:151} INFO - [2024-11-19T14:02:24.589+0000] {dag.py:3696} INFO - Setting next_dagrun for sparkingflow to 2024-11-18T00:00:00+00:00, run_after=2024-11-19T00:00:00+00:00
[2024-11-19T14:02:24.628+0000] {processor.py:179} INFO - Processing /opt/airflow/dags/FirstDag.py took 0.159 seconds
[2024-11-19T14:02:54.882+0000] {processor.py:157} INFO - Started process (PID=328) to work on /opt/airflow/dags/FirstDag.py
[2024-11-19T14:02:54.883+0000] {processor.py:829} INFO - Processing file /opt/airflow/dags/FirstDag.py for tasks to queue
[2024-11-19T14:02:54.886+0000] {logging_mixin.py:151} INFO - [2024-11-19T14:02:54.886+0000] {dagbag.py:539} INFO - Filling up the DagBag from /opt/airflow/dags/FirstDag.py
[2024-11-19T14:02:54.926+0000] {processor.py:839} INFO - DAG(s) dict_keys(['sparkingflow']) retrieved from /opt/airflow/dags/FirstDag.py
[2024-11-19T14:02:54.953+0000] {logging_mixin.py:151} INFO - [2024-11-19T14:02:54.952+0000] {dag.py:2915} INFO - Sync 1 DAGs
[2024-11-19T14:02:54.971+0000] {logging_mixin.py:151} INFO - [2024-11-19T14:02:54.971+0000] {dag.py:3696} INFO - Setting next_dagrun for sparkingflow to 2024-11-18T00:00:00+00:00, run_after=2024-11-19T00:00:00+00:00
[2024-11-19T14:02:54.990+0000] {processor.py:179} INFO - Processing /opt/airflow/dags/FirstDag.py took 0.112 seconds
[2024-11-19T14:03:25.258+0000] {processor.py:157} INFO - Started process (PID=333) to work on /opt/airflow/dags/FirstDag.py
[2024-11-19T14:03:25.259+0000] {processor.py:829} INFO - Processing file /opt/airflow/dags/FirstDag.py for tasks to queue
[2024-11-19T14:03:25.261+0000] {logging_mixin.py:151} INFO - [2024-11-19T14:03:25.261+0000] {dagbag.py:539} INFO - Filling up the DagBag from /opt/airflow/dags/FirstDag.py
[2024-11-19T14:03:25.295+0000] {processor.py:839} INFO - DAG(s) dict_keys(['sparkingflow']) retrieved from /opt/airflow/dags/FirstDag.py
[2024-11-19T14:03:25.332+0000] {logging_mixin.py:151} INFO - [2024-11-19T14:03:25.332+0000] {dag.py:2915} INFO - Sync 1 DAGs
[2024-11-19T14:03:25.355+0000] {logging_mixin.py:151} INFO - [2024-11-19T14:03:25.355+0000] {dag.py:3696} INFO - Setting next_dagrun for sparkingflow to 2024-11-18T00:00:00+00:00, run_after=2024-11-19T00:00:00+00:00
[2024-11-19T14:03:25.379+0000] {processor.py:179} INFO - Processing /opt/airflow/dags/FirstDag.py took 0.123 seconds
[2024-11-19T14:03:55.575+0000] {processor.py:157} INFO - Started process (PID=338) to work on /opt/airflow/dags/FirstDag.py
[2024-11-19T14:03:55.578+0000] {processor.py:829} INFO - Processing file /opt/airflow/dags/FirstDag.py for tasks to queue
[2024-11-19T14:03:55.583+0000] {logging_mixin.py:151} INFO - [2024-11-19T14:03:55.582+0000] {dagbag.py:539} INFO - Filling up the DagBag from /opt/airflow/dags/FirstDag.py
[2024-11-19T14:03:55.609+0000] {processor.py:839} INFO - DAG(s) dict_keys(['sparkingflow']) retrieved from /opt/airflow/dags/FirstDag.py
[2024-11-19T14:03:55.640+0000] {logging_mixin.py:151} INFO - [2024-11-19T14:03:55.639+0000] {dag.py:2915} INFO - Sync 1 DAGs
[2024-11-19T14:03:55.666+0000] {logging_mixin.py:151} INFO - [2024-11-19T14:03:55.666+0000] {dag.py:3696} INFO - Setting next_dagrun for sparkingflow to 2024-11-18T00:00:00+00:00, run_after=2024-11-19T00:00:00+00:00
[2024-11-19T14:03:55.703+0000] {processor.py:179} INFO - Processing /opt/airflow/dags/FirstDag.py took 0.132 seconds
[2024-11-19T14:04:26.044+0000] {processor.py:157} INFO - Started process (PID=343) to work on /opt/airflow/dags/FirstDag.py
[2024-11-19T14:04:26.045+0000] {processor.py:829} INFO - Processing file /opt/airflow/dags/FirstDag.py for tasks to queue
[2024-11-19T14:04:26.047+0000] {logging_mixin.py:151} INFO - [2024-11-19T14:04:26.047+0000] {dagbag.py:539} INFO - Filling up the DagBag from /opt/airflow/dags/FirstDag.py
[2024-11-19T14:04:26.070+0000] {processor.py:839} INFO - DAG(s) dict_keys(['sparkingflow']) retrieved from /opt/airflow/dags/FirstDag.py
[2024-11-19T14:04:26.094+0000] {logging_mixin.py:151} INFO - [2024-11-19T14:04:26.093+0000] {dag.py:2915} INFO - Sync 1 DAGs
[2024-11-19T14:04:26.112+0000] {logging_mixin.py:151} INFO - [2024-11-19T14:04:26.111+0000] {dag.py:3696} INFO - Setting next_dagrun for sparkingflow to 2024-11-18T00:00:00+00:00, run_after=2024-11-19T00:00:00+00:00
[2024-11-19T14:04:26.133+0000] {processor.py:179} INFO - Processing /opt/airflow/dags/FirstDag.py took 0.092 seconds
[2024-11-19T14:04:56.363+0000] {processor.py:157} INFO - Started process (PID=348) to work on /opt/airflow/dags/FirstDag.py
[2024-11-19T14:04:56.364+0000] {processor.py:829} INFO - Processing file /opt/airflow/dags/FirstDag.py for tasks to queue
[2024-11-19T14:04:56.367+0000] {logging_mixin.py:151} INFO - [2024-11-19T14:04:56.367+0000] {dagbag.py:539} INFO - Filling up the DagBag from /opt/airflow/dags/FirstDag.py
[2024-11-19T14:04:56.403+0000] {processor.py:839} INFO - DAG(s) dict_keys(['sparkingflow']) retrieved from /opt/airflow/dags/FirstDag.py
[2024-11-19T14:04:56.431+0000] {logging_mixin.py:151} INFO - [2024-11-19T14:04:56.430+0000] {dag.py:2915} INFO - Sync 1 DAGs
[2024-11-19T14:04:56.446+0000] {logging_mixin.py:151} INFO - [2024-11-19T14:04:56.446+0000] {dag.py:3696} INFO - Setting next_dagrun for sparkingflow to 2024-11-18T00:00:00+00:00, run_after=2024-11-19T00:00:00+00:00
[2024-11-19T14:04:56.466+0000] {processor.py:179} INFO - Processing /opt/airflow/dags/FirstDag.py took 0.107 seconds
[2024-11-19T14:05:26.744+0000] {processor.py:157} INFO - Started process (PID=353) to work on /opt/airflow/dags/FirstDag.py
[2024-11-19T14:05:26.745+0000] {processor.py:829} INFO - Processing file /opt/airflow/dags/FirstDag.py for tasks to queue
[2024-11-19T14:05:26.748+0000] {logging_mixin.py:151} INFO - [2024-11-19T14:05:26.747+0000] {dagbag.py:539} INFO - Filling up the DagBag from /opt/airflow/dags/FirstDag.py
[2024-11-19T14:05:26.775+0000] {processor.py:839} INFO - DAG(s) dict_keys(['sparkingflow']) retrieved from /opt/airflow/dags/FirstDag.py
[2024-11-19T14:05:26.807+0000] {logging_mixin.py:151} INFO - [2024-11-19T14:05:26.806+0000] {dag.py:2915} INFO - Sync 1 DAGs
[2024-11-19T14:05:26.828+0000] {logging_mixin.py:151} INFO - [2024-11-19T14:05:26.828+0000] {dag.py:3696} INFO - Setting next_dagrun for sparkingflow to 2024-11-18T00:00:00+00:00, run_after=2024-11-19T00:00:00+00:00
[2024-11-19T14:05:26.852+0000] {processor.py:179} INFO - Processing /opt/airflow/dags/FirstDag.py took 0.111 seconds
[2024-11-19T14:05:57.245+0000] {processor.py:157} INFO - Started process (PID=358) to work on /opt/airflow/dags/FirstDag.py
[2024-11-19T14:05:57.247+0000] {processor.py:829} INFO - Processing file /opt/airflow/dags/FirstDag.py for tasks to queue
[2024-11-19T14:05:57.249+0000] {logging_mixin.py:151} INFO - [2024-11-19T14:05:57.249+0000] {dagbag.py:539} INFO - Filling up the DagBag from /opt/airflow/dags/FirstDag.py
[2024-11-19T14:05:57.295+0000] {processor.py:839} INFO - DAG(s) dict_keys(['sparkingflow']) retrieved from /opt/airflow/dags/FirstDag.py
[2024-11-19T14:05:57.317+0000] {logging_mixin.py:151} INFO - [2024-11-19T14:05:57.317+0000] {dag.py:2915} INFO - Sync 1 DAGs
[2024-11-19T14:05:57.333+0000] {logging_mixin.py:151} INFO - [2024-11-19T14:05:57.333+0000] {dag.py:3696} INFO - Setting next_dagrun for sparkingflow to 2024-11-18T00:00:00+00:00, run_after=2024-11-19T00:00:00+00:00
[2024-11-19T14:05:57.368+0000] {processor.py:179} INFO - Processing /opt/airflow/dags/FirstDag.py took 0.125 seconds
[2024-11-19T14:06:27.683+0000] {processor.py:157} INFO - Started process (PID=363) to work on /opt/airflow/dags/FirstDag.py
[2024-11-19T14:06:27.686+0000] {processor.py:829} INFO - Processing file /opt/airflow/dags/FirstDag.py for tasks to queue
[2024-11-19T14:06:27.689+0000] {logging_mixin.py:151} INFO - [2024-11-19T14:06:27.689+0000] {dagbag.py:539} INFO - Filling up the DagBag from /opt/airflow/dags/FirstDag.py
[2024-11-19T14:06:27.719+0000] {processor.py:839} INFO - DAG(s) dict_keys(['sparkingflow']) retrieved from /opt/airflow/dags/FirstDag.py
[2024-11-19T14:06:27.750+0000] {logging_mixin.py:151} INFO - [2024-11-19T14:06:27.750+0000] {dag.py:2915} INFO - Sync 1 DAGs
[2024-11-19T14:06:27.765+0000] {logging_mixin.py:151} INFO - [2024-11-19T14:06:27.765+0000] {dag.py:3696} INFO - Setting next_dagrun for sparkingflow to 2024-11-18T00:00:00+00:00, run_after=2024-11-19T00:00:00+00:00
[2024-11-19T14:06:27.782+0000] {processor.py:179} INFO - Processing /opt/airflow/dags/FirstDag.py took 0.102 seconds
[2024-11-19T14:06:58.229+0000] {processor.py:157} INFO - Started process (PID=368) to work on /opt/airflow/dags/FirstDag.py
[2024-11-19T14:06:58.231+0000] {processor.py:829} INFO - Processing file /opt/airflow/dags/FirstDag.py for tasks to queue
[2024-11-19T14:06:58.236+0000] {logging_mixin.py:151} INFO - [2024-11-19T14:06:58.235+0000] {dagbag.py:539} INFO - Filling up the DagBag from /opt/airflow/dags/FirstDag.py
[2024-11-19T14:06:58.296+0000] {processor.py:839} INFO - DAG(s) dict_keys(['sparkingflow']) retrieved from /opt/airflow/dags/FirstDag.py
[2024-11-19T14:06:58.324+0000] {logging_mixin.py:151} INFO - [2024-11-19T14:06:58.323+0000] {dag.py:2915} INFO - Sync 1 DAGs
[2024-11-19T14:06:58.345+0000] {logging_mixin.py:151} INFO - [2024-11-19T14:06:58.345+0000] {dag.py:3696} INFO - Setting next_dagrun for sparkingflow to 2024-11-18T00:00:00+00:00, run_after=2024-11-19T00:00:00+00:00
[2024-11-19T14:06:58.375+0000] {processor.py:179} INFO - Processing /opt/airflow/dags/FirstDag.py took 0.151 seconds
[2024-11-19T14:07:28.748+0000] {processor.py:157} INFO - Started process (PID=373) to work on /opt/airflow/dags/FirstDag.py
[2024-11-19T14:07:28.749+0000] {processor.py:829} INFO - Processing file /opt/airflow/dags/FirstDag.py for tasks to queue
[2024-11-19T14:07:28.752+0000] {logging_mixin.py:151} INFO - [2024-11-19T14:07:28.751+0000] {dagbag.py:539} INFO - Filling up the DagBag from /opt/airflow/dags/FirstDag.py
[2024-11-19T14:07:28.776+0000] {processor.py:839} INFO - DAG(s) dict_keys(['sparkingflow']) retrieved from /opt/airflow/dags/FirstDag.py
[2024-11-19T14:07:28.799+0000] {logging_mixin.py:151} INFO - [2024-11-19T14:07:28.798+0000] {dag.py:2915} INFO - Sync 1 DAGs
[2024-11-19T14:07:28.814+0000] {logging_mixin.py:151} INFO - [2024-11-19T14:07:28.814+0000] {dag.py:3696} INFO - Setting next_dagrun for sparkingflow to 2024-11-18T00:00:00+00:00, run_after=2024-11-19T00:00:00+00:00
[2024-11-19T14:07:28.833+0000] {processor.py:179} INFO - Processing /opt/airflow/dags/FirstDag.py took 0.088 seconds
[2024-11-19T14:07:58.990+0000] {processor.py:157} INFO - Started process (PID=378) to work on /opt/airflow/dags/FirstDag.py
[2024-11-19T14:07:58.991+0000] {processor.py:829} INFO - Processing file /opt/airflow/dags/FirstDag.py for tasks to queue
[2024-11-19T14:07:58.996+0000] {logging_mixin.py:151} INFO - [2024-11-19T14:07:58.995+0000] {dagbag.py:539} INFO - Filling up the DagBag from /opt/airflow/dags/FirstDag.py
[2024-11-19T14:07:59.049+0000] {processor.py:839} INFO - DAG(s) dict_keys(['sparkingflow']) retrieved from /opt/airflow/dags/FirstDag.py
[2024-11-19T14:07:59.075+0000] {logging_mixin.py:151} INFO - [2024-11-19T14:07:59.075+0000] {dag.py:2915} INFO - Sync 1 DAGs
[2024-11-19T14:07:59.092+0000] {logging_mixin.py:151} INFO - [2024-11-19T14:07:59.092+0000] {dag.py:3696} INFO - Setting next_dagrun for sparkingflow to 2024-11-18T00:00:00+00:00, run_after=2024-11-19T00:00:00+00:00
[2024-11-19T14:07:59.112+0000] {processor.py:179} INFO - Processing /opt/airflow/dags/FirstDag.py took 0.129 seconds
[2024-11-19T14:08:29.640+0000] {processor.py:157} INFO - Started process (PID=383) to work on /opt/airflow/dags/FirstDag.py
[2024-11-19T14:08:29.642+0000] {processor.py:829} INFO - Processing file /opt/airflow/dags/FirstDag.py for tasks to queue
[2024-11-19T14:08:29.647+0000] {logging_mixin.py:151} INFO - [2024-11-19T14:08:29.646+0000] {dagbag.py:539} INFO - Filling up the DagBag from /opt/airflow/dags/FirstDag.py
[2024-11-19T14:08:29.713+0000] {processor.py:839} INFO - DAG(s) dict_keys(['sparkingflow']) retrieved from /opt/airflow/dags/FirstDag.py
[2024-11-19T14:08:29.773+0000] {logging_mixin.py:151} INFO - [2024-11-19T14:08:29.772+0000] {dag.py:2915} INFO - Sync 1 DAGs
[2024-11-19T14:08:29.805+0000] {logging_mixin.py:151} INFO - [2024-11-19T14:08:29.804+0000] {dag.py:3696} INFO - Setting next_dagrun for sparkingflow to 2024-11-18T00:00:00+00:00, run_after=2024-11-19T00:00:00+00:00
[2024-11-19T14:08:29.823+0000] {processor.py:179} INFO - Processing /opt/airflow/dags/FirstDag.py took 0.189 seconds
[2024-11-19T14:09:00.124+0000] {processor.py:157} INFO - Started process (PID=388) to work on /opt/airflow/dags/FirstDag.py
[2024-11-19T14:09:00.125+0000] {processor.py:829} INFO - Processing file /opt/airflow/dags/FirstDag.py for tasks to queue
[2024-11-19T14:09:00.128+0000] {logging_mixin.py:151} INFO - [2024-11-19T14:09:00.127+0000] {dagbag.py:539} INFO - Filling up the DagBag from /opt/airflow/dags/FirstDag.py
[2024-11-19T14:09:00.152+0000] {processor.py:839} INFO - DAG(s) dict_keys(['sparkingflow']) retrieved from /opt/airflow/dags/FirstDag.py
[2024-11-19T14:09:00.174+0000] {logging_mixin.py:151} INFO - [2024-11-19T14:09:00.174+0000] {dag.py:2915} INFO - Sync 1 DAGs
[2024-11-19T14:09:00.194+0000] {logging_mixin.py:151} INFO - [2024-11-19T14:09:00.194+0000] {dag.py:3696} INFO - Setting next_dagrun for sparkingflow to 2024-11-18T00:00:00+00:00, run_after=2024-11-19T00:00:00+00:00
[2024-11-19T14:09:00.211+0000] {processor.py:179} INFO - Processing /opt/airflow/dags/FirstDag.py took 0.090 seconds
[2024-11-19T14:09:30.564+0000] {processor.py:157} INFO - Started process (PID=393) to work on /opt/airflow/dags/FirstDag.py
[2024-11-19T14:09:30.566+0000] {processor.py:829} INFO - Processing file /opt/airflow/dags/FirstDag.py for tasks to queue
[2024-11-19T14:09:30.570+0000] {logging_mixin.py:151} INFO - [2024-11-19T14:09:30.570+0000] {dagbag.py:539} INFO - Filling up the DagBag from /opt/airflow/dags/FirstDag.py
[2024-11-19T14:09:30.618+0000] {processor.py:839} INFO - DAG(s) dict_keys(['sparkingflow']) retrieved from /opt/airflow/dags/FirstDag.py
[2024-11-19T14:09:30.646+0000] {logging_mixin.py:151} INFO - [2024-11-19T14:09:30.646+0000] {dag.py:2915} INFO - Sync 1 DAGs
[2024-11-19T14:09:30.662+0000] {logging_mixin.py:151} INFO - [2024-11-19T14:09:30.662+0000] {dag.py:3696} INFO - Setting next_dagrun for sparkingflow to 2024-11-18T00:00:00+00:00, run_after=2024-11-19T00:00:00+00:00
[2024-11-19T14:09:30.681+0000] {processor.py:179} INFO - Processing /opt/airflow/dags/FirstDag.py took 0.121 seconds
[2024-11-19T14:10:00.912+0000] {processor.py:157} INFO - Started process (PID=398) to work on /opt/airflow/dags/FirstDag.py
[2024-11-19T14:10:00.913+0000] {processor.py:829} INFO - Processing file /opt/airflow/dags/FirstDag.py for tasks to queue
[2024-11-19T14:10:00.915+0000] {logging_mixin.py:151} INFO - [2024-11-19T14:10:00.915+0000] {dagbag.py:539} INFO - Filling up the DagBag from /opt/airflow/dags/FirstDag.py
[2024-11-19T14:10:00.949+0000] {processor.py:839} INFO - DAG(s) dict_keys(['sparkingflow']) retrieved from /opt/airflow/dags/FirstDag.py
[2024-11-19T14:10:00.980+0000] {logging_mixin.py:151} INFO - [2024-11-19T14:10:00.980+0000] {dag.py:2915} INFO - Sync 1 DAGs
[2024-11-19T14:10:00.999+0000] {logging_mixin.py:151} INFO - [2024-11-19T14:10:00.999+0000] {dag.py:3696} INFO - Setting next_dagrun for sparkingflow to 2024-11-18T00:00:00+00:00, run_after=2024-11-19T00:00:00+00:00
[2024-11-19T14:10:01.028+0000] {processor.py:179} INFO - Processing /opt/airflow/dags/FirstDag.py took 0.122 seconds
[2024-11-19T14:10:31.430+0000] {processor.py:157} INFO - Started process (PID=403) to work on /opt/airflow/dags/FirstDag.py
[2024-11-19T14:10:31.431+0000] {processor.py:829} INFO - Processing file /opt/airflow/dags/FirstDag.py for tasks to queue
[2024-11-19T14:10:31.434+0000] {logging_mixin.py:151} INFO - [2024-11-19T14:10:31.434+0000] {dagbag.py:539} INFO - Filling up the DagBag from /opt/airflow/dags/FirstDag.py
[2024-11-19T14:10:31.463+0000] {processor.py:839} INFO - DAG(s) dict_keys(['sparkingflow']) retrieved from /opt/airflow/dags/FirstDag.py
[2024-11-19T14:10:31.487+0000] {logging_mixin.py:151} INFO - [2024-11-19T14:10:31.486+0000] {dag.py:2915} INFO - Sync 1 DAGs
[2024-11-19T14:10:31.508+0000] {logging_mixin.py:151} INFO - [2024-11-19T14:10:31.508+0000] {dag.py:3696} INFO - Setting next_dagrun for sparkingflow to 2024-11-18T00:00:00+00:00, run_after=2024-11-19T00:00:00+00:00
[2024-11-19T14:10:31.530+0000] {processor.py:179} INFO - Processing /opt/airflow/dags/FirstDag.py took 0.104 seconds
[2024-11-19T14:11:01.811+0000] {processor.py:157} INFO - Started process (PID=408) to work on /opt/airflow/dags/FirstDag.py
[2024-11-19T14:11:01.813+0000] {processor.py:829} INFO - Processing file /opt/airflow/dags/FirstDag.py for tasks to queue
[2024-11-19T14:11:01.817+0000] {logging_mixin.py:151} INFO - [2024-11-19T14:11:01.816+0000] {dagbag.py:539} INFO - Filling up the DagBag from /opt/airflow/dags/FirstDag.py
[2024-11-19T14:11:01.867+0000] {processor.py:839} INFO - DAG(s) dict_keys(['sparkingflow']) retrieved from /opt/airflow/dags/FirstDag.py
[2024-11-19T14:11:01.900+0000] {logging_mixin.py:151} INFO - [2024-11-19T14:11:01.899+0000] {dag.py:2915} INFO - Sync 1 DAGs
[2024-11-19T14:11:01.918+0000] {logging_mixin.py:151} INFO - [2024-11-19T14:11:01.918+0000] {dag.py:3696} INFO - Setting next_dagrun for sparkingflow to 2024-11-18T00:00:00+00:00, run_after=2024-11-19T00:00:00+00:00
[2024-11-19T14:11:01.944+0000] {processor.py:179} INFO - Processing /opt/airflow/dags/FirstDag.py took 0.135 seconds
[2024-11-19T14:11:32.289+0000] {processor.py:157} INFO - Started process (PID=413) to work on /opt/airflow/dags/FirstDag.py
[2024-11-19T14:11:32.290+0000] {processor.py:829} INFO - Processing file /opt/airflow/dags/FirstDag.py for tasks to queue
[2024-11-19T14:11:32.292+0000] {logging_mixin.py:151} INFO - [2024-11-19T14:11:32.292+0000] {dagbag.py:539} INFO - Filling up the DagBag from /opt/airflow/dags/FirstDag.py
[2024-11-19T14:11:32.312+0000] {processor.py:839} INFO - DAG(s) dict_keys(['sparkingflow']) retrieved from /opt/airflow/dags/FirstDag.py
[2024-11-19T14:11:32.337+0000] {logging_mixin.py:151} INFO - [2024-11-19T14:11:32.336+0000] {dag.py:2915} INFO - Sync 1 DAGs
[2024-11-19T14:11:32.353+0000] {logging_mixin.py:151} INFO - [2024-11-19T14:11:32.353+0000] {dag.py:3696} INFO - Setting next_dagrun for sparkingflow to 2024-11-18T00:00:00+00:00, run_after=2024-11-19T00:00:00+00:00
[2024-11-19T14:11:32.372+0000] {processor.py:179} INFO - Processing /opt/airflow/dags/FirstDag.py took 0.085 seconds
[2024-11-19T14:12:02.805+0000] {processor.py:157} INFO - Started process (PID=418) to work on /opt/airflow/dags/FirstDag.py
[2024-11-19T14:12:02.806+0000] {processor.py:829} INFO - Processing file /opt/airflow/dags/FirstDag.py for tasks to queue
[2024-11-19T14:12:02.809+0000] {logging_mixin.py:151} INFO - [2024-11-19T14:12:02.809+0000] {dagbag.py:539} INFO - Filling up the DagBag from /opt/airflow/dags/FirstDag.py
[2024-11-19T14:12:02.839+0000] {processor.py:839} INFO - DAG(s) dict_keys(['sparkingflow']) retrieved from /opt/airflow/dags/FirstDag.py
[2024-11-19T14:12:02.868+0000] {logging_mixin.py:151} INFO - [2024-11-19T14:12:02.867+0000] {dag.py:2915} INFO - Sync 1 DAGs
[2024-11-19T14:12:02.891+0000] {logging_mixin.py:151} INFO - [2024-11-19T14:12:02.891+0000] {dag.py:3696} INFO - Setting next_dagrun for sparkingflow to 2024-11-18T00:00:00+00:00, run_after=2024-11-19T00:00:00+00:00
[2024-11-19T14:12:02.917+0000] {processor.py:179} INFO - Processing /opt/airflow/dags/FirstDag.py took 0.115 seconds
[2024-11-19T14:12:33.253+0000] {processor.py:157} INFO - Started process (PID=423) to work on /opt/airflow/dags/FirstDag.py
[2024-11-19T14:12:33.255+0000] {processor.py:829} INFO - Processing file /opt/airflow/dags/FirstDag.py for tasks to queue
[2024-11-19T14:12:33.258+0000] {logging_mixin.py:151} INFO - [2024-11-19T14:12:33.258+0000] {dagbag.py:539} INFO - Filling up the DagBag from /opt/airflow/dags/FirstDag.py
[2024-11-19T14:12:33.297+0000] {processor.py:839} INFO - DAG(s) dict_keys(['sparkingflow']) retrieved from /opt/airflow/dags/FirstDag.py
[2024-11-19T14:12:33.326+0000] {logging_mixin.py:151} INFO - [2024-11-19T14:12:33.326+0000] {dag.py:2915} INFO - Sync 1 DAGs
[2024-11-19T14:12:33.349+0000] {logging_mixin.py:151} INFO - [2024-11-19T14:12:33.348+0000] {dag.py:3696} INFO - Setting next_dagrun for sparkingflow to 2024-11-18T00:00:00+00:00, run_after=2024-11-19T00:00:00+00:00
[2024-11-19T14:12:33.381+0000] {processor.py:179} INFO - Processing /opt/airflow/dags/FirstDag.py took 0.131 seconds
[2024-11-19T14:13:03.673+0000] {processor.py:157} INFO - Started process (PID=428) to work on /opt/airflow/dags/FirstDag.py
[2024-11-19T14:13:03.674+0000] {processor.py:829} INFO - Processing file /opt/airflow/dags/FirstDag.py for tasks to queue
[2024-11-19T14:13:03.678+0000] {logging_mixin.py:151} INFO - [2024-11-19T14:13:03.678+0000] {dagbag.py:539} INFO - Filling up the DagBag from /opt/airflow/dags/FirstDag.py
[2024-11-19T14:13:03.721+0000] {processor.py:839} INFO - DAG(s) dict_keys(['sparkingflow']) retrieved from /opt/airflow/dags/FirstDag.py
[2024-11-19T14:13:03.762+0000] {logging_mixin.py:151} INFO - [2024-11-19T14:13:03.761+0000] {dag.py:2915} INFO - Sync 1 DAGs
[2024-11-19T14:13:03.792+0000] {logging_mixin.py:151} INFO - [2024-11-19T14:13:03.792+0000] {dag.py:3696} INFO - Setting next_dagrun for sparkingflow to 2024-11-18T00:00:00+00:00, run_after=2024-11-19T00:00:00+00:00
[2024-11-19T14:13:03.827+0000] {processor.py:179} INFO - Processing /opt/airflow/dags/FirstDag.py took 0.158 seconds
[2024-11-19T14:13:34.106+0000] {processor.py:157} INFO - Started process (PID=433) to work on /opt/airflow/dags/FirstDag.py
[2024-11-19T14:13:34.108+0000] {processor.py:829} INFO - Processing file /opt/airflow/dags/FirstDag.py for tasks to queue
[2024-11-19T14:13:34.111+0000] {logging_mixin.py:151} INFO - [2024-11-19T14:13:34.110+0000] {dagbag.py:539} INFO - Filling up the DagBag from /opt/airflow/dags/FirstDag.py
[2024-11-19T14:13:34.171+0000] {processor.py:839} INFO - DAG(s) dict_keys(['sparkingflow']) retrieved from /opt/airflow/dags/FirstDag.py
[2024-11-19T14:13:34.223+0000] {logging_mixin.py:151} INFO - [2024-11-19T14:13:34.222+0000] {dag.py:2915} INFO - Sync 1 DAGs
[2024-11-19T14:13:34.263+0000] {logging_mixin.py:151} INFO - [2024-11-19T14:13:34.263+0000] {dag.py:3696} INFO - Setting next_dagrun for sparkingflow to 2024-11-18T00:00:00+00:00, run_after=2024-11-19T00:00:00+00:00
[2024-11-19T14:13:34.299+0000] {processor.py:179} INFO - Processing /opt/airflow/dags/FirstDag.py took 0.197 seconds
[2024-11-19T14:14:04.550+0000] {processor.py:157} INFO - Started process (PID=438) to work on /opt/airflow/dags/FirstDag.py
[2024-11-19T14:14:04.551+0000] {processor.py:829} INFO - Processing file /opt/airflow/dags/FirstDag.py for tasks to queue
[2024-11-19T14:14:04.555+0000] {logging_mixin.py:151} INFO - [2024-11-19T14:14:04.554+0000] {dagbag.py:539} INFO - Filling up the DagBag from /opt/airflow/dags/FirstDag.py
[2024-11-19T14:14:04.588+0000] {processor.py:839} INFO - DAG(s) dict_keys(['sparkingflow']) retrieved from /opt/airflow/dags/FirstDag.py
[2024-11-19T14:14:04.625+0000] {logging_mixin.py:151} INFO - [2024-11-19T14:14:04.624+0000] {dag.py:2915} INFO - Sync 1 DAGs
[2024-11-19T14:14:04.651+0000] {logging_mixin.py:151} INFO - [2024-11-19T14:14:04.651+0000] {dag.py:3696} INFO - Setting next_dagrun for sparkingflow to 2024-11-18T00:00:00+00:00, run_after=2024-11-19T00:00:00+00:00
[2024-11-19T14:14:04.685+0000] {processor.py:179} INFO - Processing /opt/airflow/dags/FirstDag.py took 0.139 seconds
[2024-11-19T14:14:34.902+0000] {processor.py:157} INFO - Started process (PID=443) to work on /opt/airflow/dags/FirstDag.py
[2024-11-19T14:14:34.903+0000] {processor.py:829} INFO - Processing file /opt/airflow/dags/FirstDag.py for tasks to queue
[2024-11-19T14:14:34.906+0000] {logging_mixin.py:151} INFO - [2024-11-19T14:14:34.906+0000] {dagbag.py:539} INFO - Filling up the DagBag from /opt/airflow/dags/FirstDag.py
[2024-11-19T14:14:34.937+0000] {processor.py:839} INFO - DAG(s) dict_keys(['sparkingflow']) retrieved from /opt/airflow/dags/FirstDag.py
[2024-11-19T14:14:34.968+0000] {logging_mixin.py:151} INFO - [2024-11-19T14:14:34.967+0000] {dag.py:2915} INFO - Sync 1 DAGs
[2024-11-19T14:14:34.989+0000] {logging_mixin.py:151} INFO - [2024-11-19T14:14:34.989+0000] {dag.py:3696} INFO - Setting next_dagrun for sparkingflow to 2024-11-18T00:00:00+00:00, run_after=2024-11-19T00:00:00+00:00
[2024-11-19T14:14:35.016+0000] {processor.py:179} INFO - Processing /opt/airflow/dags/FirstDag.py took 0.117 seconds
[2024-11-19T14:15:05.315+0000] {processor.py:157} INFO - Started process (PID=448) to work on /opt/airflow/dags/FirstDag.py
[2024-11-19T14:15:05.316+0000] {processor.py:829} INFO - Processing file /opt/airflow/dags/FirstDag.py for tasks to queue
[2024-11-19T14:15:05.320+0000] {logging_mixin.py:151} INFO - [2024-11-19T14:15:05.319+0000] {dagbag.py:539} INFO - Filling up the DagBag from /opt/airflow/dags/FirstDag.py
[2024-11-19T14:15:05.360+0000] {processor.py:839} INFO - DAG(s) dict_keys(['sparkingflow']) retrieved from /opt/airflow/dags/FirstDag.py
[2024-11-19T14:15:05.388+0000] {logging_mixin.py:151} INFO - [2024-11-19T14:15:05.388+0000] {dag.py:2915} INFO - Sync 1 DAGs
[2024-11-19T14:15:05.404+0000] {logging_mixin.py:151} INFO - [2024-11-19T14:15:05.404+0000] {dag.py:3696} INFO - Setting next_dagrun for sparkingflow to 2024-11-18T00:00:00+00:00, run_after=2024-11-19T00:00:00+00:00
[2024-11-19T14:15:05.423+0000] {processor.py:179} INFO - Processing /opt/airflow/dags/FirstDag.py took 0.112 seconds
[2024-11-19T14:15:35.721+0000] {processor.py:157} INFO - Started process (PID=453) to work on /opt/airflow/dags/FirstDag.py
[2024-11-19T14:15:35.722+0000] {processor.py:829} INFO - Processing file /opt/airflow/dags/FirstDag.py for tasks to queue
[2024-11-19T14:15:35.725+0000] {logging_mixin.py:151} INFO - [2024-11-19T14:15:35.724+0000] {dagbag.py:539} INFO - Filling up the DagBag from /opt/airflow/dags/FirstDag.py
[2024-11-19T14:15:35.754+0000] {processor.py:839} INFO - DAG(s) dict_keys(['sparkingflow']) retrieved from /opt/airflow/dags/FirstDag.py
[2024-11-19T14:15:35.774+0000] {logging_mixin.py:151} INFO - [2024-11-19T14:15:35.773+0000] {dag.py:2915} INFO - Sync 1 DAGs
[2024-11-19T14:15:35.787+0000] {logging_mixin.py:151} INFO - [2024-11-19T14:15:35.787+0000] {dag.py:3696} INFO - Setting next_dagrun for sparkingflow to 2024-11-18T00:00:00+00:00, run_after=2024-11-19T00:00:00+00:00
[2024-11-19T14:15:35.805+0000] {processor.py:179} INFO - Processing /opt/airflow/dags/FirstDag.py took 0.089 seconds
[2024-11-19T14:16:06.129+0000] {processor.py:157} INFO - Started process (PID=458) to work on /opt/airflow/dags/FirstDag.py
[2024-11-19T14:16:06.129+0000] {processor.py:829} INFO - Processing file /opt/airflow/dags/FirstDag.py for tasks to queue
[2024-11-19T14:16:06.131+0000] {logging_mixin.py:151} INFO - [2024-11-19T14:16:06.131+0000] {dagbag.py:539} INFO - Filling up the DagBag from /opt/airflow/dags/FirstDag.py
[2024-11-19T14:16:06.149+0000] {processor.py:839} INFO - DAG(s) dict_keys(['sparkingflow']) retrieved from /opt/airflow/dags/FirstDag.py
[2024-11-19T14:16:06.171+0000] {logging_mixin.py:151} INFO - [2024-11-19T14:16:06.170+0000] {dag.py:2915} INFO - Sync 1 DAGs
[2024-11-19T14:16:06.189+0000] {logging_mixin.py:151} INFO - [2024-11-19T14:16:06.189+0000] {dag.py:3696} INFO - Setting next_dagrun for sparkingflow to 2024-11-18T00:00:00+00:00, run_after=2024-11-19T00:00:00+00:00
[2024-11-19T14:16:06.209+0000] {processor.py:179} INFO - Processing /opt/airflow/dags/FirstDag.py took 0.082 seconds
[2024-11-19T14:16:36.490+0000] {processor.py:157} INFO - Started process (PID=463) to work on /opt/airflow/dags/FirstDag.py
[2024-11-19T14:16:36.491+0000] {processor.py:829} INFO - Processing file /opt/airflow/dags/FirstDag.py for tasks to queue
[2024-11-19T14:16:36.495+0000] {logging_mixin.py:151} INFO - [2024-11-19T14:16:36.494+0000] {dagbag.py:539} INFO - Filling up the DagBag from /opt/airflow/dags/FirstDag.py
[2024-11-19T14:16:36.547+0000] {processor.py:839} INFO - DAG(s) dict_keys(['sparkingflow']) retrieved from /opt/airflow/dags/FirstDag.py
[2024-11-19T14:16:36.572+0000] {logging_mixin.py:151} INFO - [2024-11-19T14:16:36.572+0000] {dag.py:2915} INFO - Sync 1 DAGs
[2024-11-19T14:16:36.590+0000] {logging_mixin.py:151} INFO - [2024-11-19T14:16:36.590+0000] {dag.py:3696} INFO - Setting next_dagrun for sparkingflow to 2024-11-18T00:00:00+00:00, run_after=2024-11-19T00:00:00+00:00
[2024-11-19T14:16:36.611+0000] {processor.py:179} INFO - Processing /opt/airflow/dags/FirstDag.py took 0.125 seconds
[2024-11-19T14:17:06.920+0000] {processor.py:157} INFO - Started process (PID=468) to work on /opt/airflow/dags/FirstDag.py
[2024-11-19T14:17:06.921+0000] {processor.py:829} INFO - Processing file /opt/airflow/dags/FirstDag.py for tasks to queue
[2024-11-19T14:17:06.923+0000] {logging_mixin.py:151} INFO - [2024-11-19T14:17:06.923+0000] {dagbag.py:539} INFO - Filling up the DagBag from /opt/airflow/dags/FirstDag.py
[2024-11-19T14:17:06.946+0000] {processor.py:839} INFO - DAG(s) dict_keys(['sparkingflow']) retrieved from /opt/airflow/dags/FirstDag.py
[2024-11-19T14:17:06.984+0000] {logging_mixin.py:151} INFO - [2024-11-19T14:17:06.984+0000] {dag.py:2915} INFO - Sync 1 DAGs
[2024-11-19T14:17:07.002+0000] {logging_mixin.py:151} INFO - [2024-11-19T14:17:07.002+0000] {dag.py:3696} INFO - Setting next_dagrun for sparkingflow to 2024-11-18T00:00:00+00:00, run_after=2024-11-19T00:00:00+00:00
[2024-11-19T14:17:07.035+0000] {processor.py:179} INFO - Processing /opt/airflow/dags/FirstDag.py took 0.118 seconds
[2024-11-19T14:17:37.403+0000] {processor.py:157} INFO - Started process (PID=473) to work on /opt/airflow/dags/FirstDag.py
[2024-11-19T14:17:37.405+0000] {processor.py:829} INFO - Processing file /opt/airflow/dags/FirstDag.py for tasks to queue
[2024-11-19T14:17:37.407+0000] {logging_mixin.py:151} INFO - [2024-11-19T14:17:37.407+0000] {dagbag.py:539} INFO - Filling up the DagBag from /opt/airflow/dags/FirstDag.py
[2024-11-19T14:17:37.434+0000] {processor.py:839} INFO - DAG(s) dict_keys(['sparkingflow']) retrieved from /opt/airflow/dags/FirstDag.py
[2024-11-19T14:17:37.470+0000] {logging_mixin.py:151} INFO - [2024-11-19T14:17:37.470+0000] {dag.py:2915} INFO - Sync 1 DAGs
[2024-11-19T14:17:37.491+0000] {logging_mixin.py:151} INFO - [2024-11-19T14:17:37.490+0000] {dag.py:3696} INFO - Setting next_dagrun for sparkingflow to 2024-11-18T00:00:00+00:00, run_after=2024-11-19T00:00:00+00:00
[2024-11-19T14:17:37.510+0000] {processor.py:179} INFO - Processing /opt/airflow/dags/FirstDag.py took 0.109 seconds
[2024-11-19T14:18:07.814+0000] {processor.py:157} INFO - Started process (PID=478) to work on /opt/airflow/dags/FirstDag.py
[2024-11-19T14:18:07.816+0000] {processor.py:829} INFO - Processing file /opt/airflow/dags/FirstDag.py for tasks to queue
[2024-11-19T14:18:07.820+0000] {logging_mixin.py:151} INFO - [2024-11-19T14:18:07.819+0000] {dagbag.py:539} INFO - Filling up the DagBag from /opt/airflow/dags/FirstDag.py
[2024-11-19T14:18:07.867+0000] {processor.py:839} INFO - DAG(s) dict_keys(['sparkingflow']) retrieved from /opt/airflow/dags/FirstDag.py
[2024-11-19T14:18:07.909+0000] {logging_mixin.py:151} INFO - [2024-11-19T14:18:07.908+0000] {dag.py:2915} INFO - Sync 1 DAGs
[2024-11-19T14:18:07.934+0000] {logging_mixin.py:151} INFO - [2024-11-19T14:18:07.934+0000] {dag.py:3696} INFO - Setting next_dagrun for sparkingflow to 2024-11-18T00:00:00+00:00, run_after=2024-11-19T00:00:00+00:00
[2024-11-19T14:18:07.961+0000] {processor.py:179} INFO - Processing /opt/airflow/dags/FirstDag.py took 0.154 seconds
[2024-11-19T14:18:38.287+0000] {processor.py:157} INFO - Started process (PID=483) to work on /opt/airflow/dags/FirstDag.py
[2024-11-19T14:18:38.288+0000] {processor.py:829} INFO - Processing file /opt/airflow/dags/FirstDag.py for tasks to queue
[2024-11-19T14:18:38.290+0000] {logging_mixin.py:151} INFO - [2024-11-19T14:18:38.290+0000] {dagbag.py:539} INFO - Filling up the DagBag from /opt/airflow/dags/FirstDag.py
[2024-11-19T14:18:38.312+0000] {processor.py:839} INFO - DAG(s) dict_keys(['sparkingflow']) retrieved from /opt/airflow/dags/FirstDag.py
[2024-11-19T14:18:38.334+0000] {logging_mixin.py:151} INFO - [2024-11-19T14:18:38.334+0000] {dag.py:2915} INFO - Sync 1 DAGs
[2024-11-19T14:18:38.351+0000] {logging_mixin.py:151} INFO - [2024-11-19T14:18:38.351+0000] {dag.py:3696} INFO - Setting next_dagrun for sparkingflow to 2024-11-18T00:00:00+00:00, run_after=2024-11-19T00:00:00+00:00
[2024-11-19T14:18:38.368+0000] {processor.py:179} INFO - Processing /opt/airflow/dags/FirstDag.py took 0.083 seconds
[2024-11-19T14:19:08.763+0000] {processor.py:157} INFO - Started process (PID=488) to work on /opt/airflow/dags/FirstDag.py
[2024-11-19T14:19:08.765+0000] {processor.py:829} INFO - Processing file /opt/airflow/dags/FirstDag.py for tasks to queue
[2024-11-19T14:19:08.767+0000] {logging_mixin.py:151} INFO - [2024-11-19T14:19:08.767+0000] {dagbag.py:539} INFO - Filling up the DagBag from /opt/airflow/dags/FirstDag.py
[2024-11-19T14:19:08.795+0000] {processor.py:839} INFO - DAG(s) dict_keys(['sparkingflow']) retrieved from /opt/airflow/dags/FirstDag.py
[2024-11-19T14:19:08.816+0000] {logging_mixin.py:151} INFO - [2024-11-19T14:19:08.816+0000] {dag.py:2915} INFO - Sync 1 DAGs
[2024-11-19T14:19:08.834+0000] {logging_mixin.py:151} INFO - [2024-11-19T14:19:08.834+0000] {dag.py:3696} INFO - Setting next_dagrun for sparkingflow to 2024-11-18T00:00:00+00:00, run_after=2024-11-19T00:00:00+00:00
[2024-11-19T14:19:08.852+0000] {processor.py:179} INFO - Processing /opt/airflow/dags/FirstDag.py took 0.092 seconds
[2024-11-19T14:19:39.228+0000] {processor.py:157} INFO - Started process (PID=493) to work on /opt/airflow/dags/FirstDag.py
[2024-11-19T14:19:39.229+0000] {processor.py:829} INFO - Processing file /opt/airflow/dags/FirstDag.py for tasks to queue
[2024-11-19T14:19:39.233+0000] {logging_mixin.py:151} INFO - [2024-11-19T14:19:39.232+0000] {dagbag.py:539} INFO - Filling up the DagBag from /opt/airflow/dags/FirstDag.py
[2024-11-19T14:19:39.280+0000] {processor.py:839} INFO - DAG(s) dict_keys(['sparkingflow']) retrieved from /opt/airflow/dags/FirstDag.py
[2024-11-19T14:19:39.317+0000] {logging_mixin.py:151} INFO - [2024-11-19T14:19:39.316+0000] {dag.py:2915} INFO - Sync 1 DAGs
[2024-11-19T14:19:39.341+0000] {logging_mixin.py:151} INFO - [2024-11-19T14:19:39.341+0000] {dag.py:3696} INFO - Setting next_dagrun for sparkingflow to 2024-11-18T00:00:00+00:00, run_after=2024-11-19T00:00:00+00:00
[2024-11-19T14:19:39.361+0000] {processor.py:179} INFO - Processing /opt/airflow/dags/FirstDag.py took 0.137 seconds
[2024-11-19T14:20:09.668+0000] {processor.py:157} INFO - Started process (PID=498) to work on /opt/airflow/dags/FirstDag.py
[2024-11-19T14:20:09.669+0000] {processor.py:829} INFO - Processing file /opt/airflow/dags/FirstDag.py for tasks to queue
[2024-11-19T14:20:09.671+0000] {logging_mixin.py:151} INFO - [2024-11-19T14:20:09.670+0000] {dagbag.py:539} INFO - Filling up the DagBag from /opt/airflow/dags/FirstDag.py
[2024-11-19T14:20:09.687+0000] {processor.py:839} INFO - DAG(s) dict_keys(['sparkingflow']) retrieved from /opt/airflow/dags/FirstDag.py
[2024-11-19T14:20:09.709+0000] {logging_mixin.py:151} INFO - [2024-11-19T14:20:09.708+0000] {dag.py:2915} INFO - Sync 1 DAGs
[2024-11-19T14:20:09.727+0000] {logging_mixin.py:151} INFO - [2024-11-19T14:20:09.726+0000] {dag.py:3696} INFO - Setting next_dagrun for sparkingflow to 2024-11-18T00:00:00+00:00, run_after=2024-11-19T00:00:00+00:00
[2024-11-19T14:20:09.746+0000] {processor.py:179} INFO - Processing /opt/airflow/dags/FirstDag.py took 0.081 seconds
[2024-11-19T14:20:40.218+0000] {processor.py:157} INFO - Started process (PID=503) to work on /opt/airflow/dags/FirstDag.py
[2024-11-19T14:20:40.219+0000] {processor.py:829} INFO - Processing file /opt/airflow/dags/FirstDag.py for tasks to queue
[2024-11-19T14:20:40.223+0000] {logging_mixin.py:151} INFO - [2024-11-19T14:20:40.223+0000] {dagbag.py:539} INFO - Filling up the DagBag from /opt/airflow/dags/FirstDag.py
[2024-11-19T14:20:40.250+0000] {processor.py:839} INFO - DAG(s) dict_keys(['sparkingflow']) retrieved from /opt/airflow/dags/FirstDag.py
[2024-11-19T14:20:40.287+0000] {logging_mixin.py:151} INFO - [2024-11-19T14:20:40.287+0000] {dag.py:2915} INFO - Sync 1 DAGs
[2024-11-19T14:20:40.318+0000] {logging_mixin.py:151} INFO - [2024-11-19T14:20:40.317+0000] {dag.py:3696} INFO - Setting next_dagrun for sparkingflow to 2024-11-18T00:00:00+00:00, run_after=2024-11-19T00:00:00+00:00
[2024-11-19T14:20:40.370+0000] {processor.py:179} INFO - Processing /opt/airflow/dags/FirstDag.py took 0.156 seconds
